<?xml version="1.0" encoding="UTF-8"?>
<!-- Generated by org.testng.reporters.JUnitReportReporter -->
<testsuite hostname="LAPTOP-64P9DEGN" failures="0" tests="1" name="restAPI.EndToEndTest" time="1.553" errors="0" timestamp="11 Dec 2022 06:40:57 GMT" skipped="0">
  <testcase classname="restAPI.EndToEndTest" name="test1" time="1.553"/>
</testsuite> <!-- restAPI.EndToEndTest -->
